2022-11-29 19:50:49.467 [info] Added views:workbench.panel.markers.view in workbench.panel.markers
2022-11-29 19:50:49.467 [info] Added views:workbench.panel.output in workbench.panel.output
2022-11-29 19:50:49.467 [info] Added views:terminal in terminal
2022-11-29 19:50:49.467 [info] Added views:outline in workbench.view.explorer
2022-11-29 19:50:49.467 [info] Added views:workbench.scm in workbench.view.scm
2022-11-29 19:50:49.467 [info] Added views:workbench.view.search in workbench.view.search
2022-11-29 19:50:49.467 [info] Added views:timeline in workbench.view.explorer
2022-11-29 19:50:49.467 [info] Added views:workbench.explorer.emptyView in workbench.view.explorer
2022-11-29 19:50:49.610 [info] Added views:workbench.debug.welcome in workbench.view.debug
2022-11-29 19:50:50.109 [info] Added views:workbench.panel.repl.view in workbench.panel.repl
2022-11-29 19:50:50.699 [info] Added views:workbench.views.extensions.installed,workbench.views.extensions.popular,extensions.recommendedList in workbench.view.extensions
2022-11-29 19:50:50.705 [info] Removed views:workbench.views.extensions.popular from workbench.view.extensions
2022-11-29 19:50:52.602 [info] Removed views:extensions.recommendedList,workbench.views.extensions.installed from workbench.view.extensions
2022-11-29 19:50:52.625 [info] Added views:workbench.views.extensions.marketplace in workbench.view.extensions
2022-11-29 19:50:56.067 [info] Removed views:workbench.views.extensions.marketplace from workbench.view.extensions
2022-11-29 19:50:56.085 [info] Added views:workbench.views.extensions.installed,extensions.recommendedList in workbench.view.extensions
2022-11-29 19:50:57.976 [info] Removed views:extensions.recommendedList,workbench.views.extensions.installed from workbench.view.extensions
2022-11-29 19:50:57.983 [info] Added views:workbench.views.extensions.marketplace in workbench.view.extensions
2022-11-29 19:51:02.488 [info] Removed views:workbench.views.extensions.marketplace from workbench.view.extensions
2022-11-29 19:51:02.509 [info] Added views:workbench.views.extensions.installed,extensions.recommendedList in workbench.view.extensions
2022-11-29 19:51:08.567 [info] Removed views:extensions.recommendedList,workbench.views.extensions.installed from workbench.view.extensions
2022-11-29 19:51:08.596 [info] Added views:workbench.views.extensions.marketplace in workbench.view.extensions
2022-11-29 19:51:14.243 [info] Removed views:workbench.views.extensions.marketplace from workbench.view.extensions
2022-11-29 19:51:14.267 [info] Added views:workbench.views.extensions.installed,extensions.recommendedList in workbench.view.extensions
